{"level":"info","message":"Server running on port 8080","timestamp":"2025-07-06T07:01:44.176Z"}
{"level":"info","message":"Server running on port 8080","timestamp":"2025-07-06T07:01:47.376Z"}
{"level":"info","message":{"ip":"::1","method":"POST","timestamp":"2025-07-06T07:04:23.108Z","url":"/api/students/signup"},"timestamp":"2025-07-06T07:04:23.109Z"}
{"level":"info","message":{"ip":"::1","method":"POST","timestamp":"2025-07-06T07:07:29.044Z","url":"/api/students/signup"},"timestamp":"2025-07-06T07:07:29.046Z"}
{"level":"info","message":{"ip":"::1","method":"POST","timestamp":"2025-07-06T07:09:34.607Z","url":"/api/students/signup"},"timestamp":"2025-07-06T07:09:34.607Z"}
{"level":"info","message":{"ip":"::1","method":"POST","timestamp":"2025-07-06T07:10:16.053Z","url":"/api/students/signup"},"timestamp":"2025-07-06T07:10:16.053Z"}
{"level":"info","message":{"ip":"::1","method":"POST","timestamp":"2025-07-06T07:13:48.437Z","url":"/api/students/signup"},"timestamp":"2025-07-06T07:13:48.438Z"}
{"level":"info","message":{"ip":"::1","method":"POST","timestamp":"2025-07-06T07:16:22.719Z","url":"/api/students/signup"},"timestamp":"2025-07-06T07:16:22.719Z"}
{"level":"info","message":{"ip":"::1","method":"POST","timestamp":"2025-07-06T07:18:04.932Z","url":"/api/students/signup"},"timestamp":"2025-07-06T07:18:04.932Z"}
{"level":"info","message":{"ip":"::1","method":"POST","timestamp":"2025-07-06T07:24:32.448Z","url":"/api/students/signup"},"timestamp":"2025-07-06T07:24:32.450Z"}
{"level":"info","message":{"ip":"::1","method":"POST","timestamp":"2025-07-06T07:32:23.298Z","url":"/api/students/signup"},"timestamp":"2025-07-06T07:32:23.298Z"}
{"level":"info","message":{"ip":"::1","method":"POST","timestamp":"2025-07-06T07:34:12.489Z","url":"/api/students/signup"},"timestamp":"2025-07-06T07:34:12.489Z"}
{"level":"info","message":{"ip":"::1","method":"POST","timestamp":"2025-07-06T07:34:35.315Z","url":"/api/students/signup"},"timestamp":"2025-07-06T07:34:35.315Z"}
{"level":"info","message":{"ip":"::1","method":"POST","timestamp":"2025-07-06T07:40:53.296Z","url":"/api/students/signup"},"timestamp":"2025-07-06T07:40:53.297Z"}
{"level":"info","message":{"ip":"::1","method":"POST","timestamp":"2025-07-06T07:41:19.007Z","url":"/api/students/verify"},"timestamp":"2025-07-06T07:41:19.007Z"}
{"level":"info","message":{"ip":"::1","method":"POST","timestamp":"2025-07-06T07:41:36.924Z","url":"/api/students/auth/login"},"timestamp":"2025-07-06T07:41:36.924Z"}
{"level":"info","message":{"ip":"::1","method":"POST","timestamp":"2025-07-06T07:42:43.382Z","url":"/api/institutes/signup"},"timestamp":"2025-07-06T07:42:43.383Z"}
{"level":"info","message":{"ip":"::1","method":"POST","timestamp":"2025-07-06T07:45:18.885Z","url":"/api/institutes/signup"},"timestamp":"2025-07-06T07:45:18.885Z"}
{"level":"info","message":{"ip":"::1","method":"POST","timestamp":"2025-07-06T07:45:39.621Z","url":"/api/institutes/verify"},"timestamp":"2025-07-06T07:45:39.621Z"}
{"level":"info","message":{"ip":"::1","method":"GET","timestamp":"2025-07-06T08:38:45.242Z","url":"/api/students/signup"},"timestamp":"2025-07-06T08:38:45.243Z"}
{"level":"info","message":{"ip":"::1","method":"POST","timestamp":"2025-07-06T08:41:30.906Z","url":"/api/students/signup"},"timestamp":"2025-07-06T08:41:30.906Z"}
{"level":"info","message":{"ip":"::1","method":"POST","timestamp":"2025-07-06T08:41:51.751Z","url":"/api/students/signup"},"timestamp":"2025-07-06T08:41:51.752Z"}
{"level":"info","message":{"ip":"::1","method":"POST","timestamp":"2025-07-06T08:43:07.126Z","url":"/api/students/signup"},"timestamp":"2025-07-06T08:43:07.126Z"}
{"level":"info","message":{"ip":"::1","method":"POST","timestamp":"2025-07-06T08:44:30.336Z","url":"/api/students/signup"},"timestamp":"2025-07-06T08:44:30.336Z"}
{"level":"info","message":{"ip":"::1","method":"POST","timestamp":"2025-07-06T08:44:56.363Z","url":"/api/students/signup"},"timestamp":"2025-07-06T08:44:56.363Z"}
{"level":"info","message":{"ip":"::1","method":"POST","timestamp":"2025-07-06T08:45:22.497Z","url":"/api/students/signup"},"timestamp":"2025-07-06T08:45:22.497Z"}
{"level":"info","message":{"ip":"::1","method":"POST","timestamp":"2025-07-06T08:47:21.644Z","url":"/api/students/signup"},"timestamp":"2025-07-06T08:47:21.644Z"}
{"level":"info","message":{"ip":"::1","method":"POST","timestamp":"2025-07-06T08:48:06.931Z","url":"/api/students/signup"},"timestamp":"2025-07-06T08:48:06.932Z"}
{"level":"info","message":{"ip":"::1","method":"POST","timestamp":"2025-07-06T08:49:28.732Z","url":"/api/students/signup"},"timestamp":"2025-07-06T08:49:28.732Z"}
{"level":"info","message":{"ip":"::1","method":"POST","timestamp":"2025-07-06T08:51:12.271Z","url":"/api/students/signup"},"timestamp":"2025-07-06T08:51:12.271Z"}
{"level":"info","message":{"ip":"::1","method":"POST","timestamp":"2025-07-06T08:51:39.898Z","url":"/api/students/signup"},"timestamp":"2025-07-06T08:51:39.898Z"}
{"level":"info","message":{"ip":"::1","method":"POST","timestamp":"2025-07-06T08:52:56.213Z","url":"/api/students/signup"},"timestamp":"2025-07-06T08:52:56.213Z"}
{"level":"info","message":{"ip":"::1","method":"POST","timestamp":"2025-07-06T08:53:16.228Z","url":"/api/students/signup"},"timestamp":"2025-07-06T08:53:16.228Z"}
{"level":"info","message":{"ip":"::1","method":"POST","timestamp":"2025-07-06T08:54:58.048Z","url":"/api/students/signup"},"timestamp":"2025-07-06T08:54:58.048Z"}
{"level":"info","message":{"ip":"::1","method":"POST","timestamp":"2025-07-06T08:55:24.575Z","url":"/api/students/signup"},"timestamp":"2025-07-06T08:55:24.575Z"}
{"level":"info","message":{"ip":"::1","method":"POST","timestamp":"2025-07-06T08:55:40.587Z","url":"/api/students/signup"},"timestamp":"2025-07-06T08:55:40.587Z"}
{"level":"info","message":{"ip":"::1","method":"POST","timestamp":"2025-07-06T10:23:42.236Z","url":"/api/students/signup"},"timestamp":"2025-07-06T10:23:42.236Z"}
{"level":"info","message":{"ip":"::1","method":"POST","timestamp":"2025-07-06T10:24:07.062Z","url":"/api/students/signup"},"timestamp":"2025-07-06T10:24:07.063Z"}
{"level":"info","message":{"ip":"::1","method":"POST","timestamp":"2025-07-06T10:24:19.737Z","url":"/api/students/signup"},"timestamp":"2025-07-06T10:24:19.737Z"}
{"level":"info","message":{"ip":"::1","method":"POST","timestamp":"2025-07-06T10:25:24.455Z","url":"/api/students/signup"},"timestamp":"2025-07-06T10:25:24.455Z"}
{"level":"info","message":{"ip":"::1","method":"POST","timestamp":"2025-07-06T10:25:34.032Z","url":"/api/students/signup"},"timestamp":"2025-07-06T10:25:34.032Z"}
{"level":"info","message":{"ip":"::1","method":"POST","timestamp":"2025-07-06T10:26:56.023Z","url":"/api/students/signup"},"timestamp":"2025-07-06T10:26:56.024Z"}
{"level":"info","message":{"ip":"::1","method":"POST","timestamp":"2025-07-06T10:28:29.098Z","url":"/api/students/signup"},"timestamp":"2025-07-06T10:28:29.098Z"}
{"level":"info","message":{"ip":"::1","method":"POST","timestamp":"2025-07-06T10:31:02.395Z","url":"/api/students/signup"},"timestamp":"2025-07-06T10:31:02.396Z"}
{"level":"info","message":{"ip":"::1","method":"POST","timestamp":"2025-07-06T10:32:57.344Z","url":"/api/students/signup"},"timestamp":"2025-07-06T10:32:57.345Z"}
{"level":"info","message":{"ip":"::1","method":"POST","timestamp":"2025-07-06T10:34:34.697Z","url":"/api/students/signup"},"timestamp":"2025-07-06T10:34:34.697Z"}
{"level":"info","message":{"ip":"::1","method":"GET","timestamp":"2025-07-06T10:37:12.429Z","url":"/api/students/verify"},"timestamp":"2025-07-06T10:37:12.429Z"}
{"level":"info","message":{"ip":"::1","method":"POST","timestamp":"2025-07-06T10:37:18.489Z","url":"/api/students/verify"},"timestamp":"2025-07-06T10:37:18.489Z"}
{"level":"info","message":{"ip":"::1","method":"GET","timestamp":"2025-07-06T10:42:05.591Z","url":"/api/students/auth/login"},"timestamp":"2025-07-06T10:42:05.591Z"}
{"level":"info","message":{"ip":"::1","method":"POST","timestamp":"2025-07-06T10:42:10.121Z","url":"/api/students/auth/login"},"timestamp":"2025-07-06T10:42:10.121Z"}
{"level":"info","message":{"ip":"::1","method":"GET","timestamp":"2025-07-06T10:59:35.756Z","url":"/api/students/profile"},"timestamp":"2025-07-06T10:59:35.757Z"}
{"level":"info","message":{"ip":"::1","method":"GET","timestamp":"2025-07-06T11:02:45.660Z","url":"/api/students/logout"},"timestamp":"2025-07-06T11:02:45.660Z"}
{"level":"info","message":{"ip":"::1","method":"POST","timestamp":"2025-07-06T11:03:00.821Z","url":"/api/students/logout"},"timestamp":"2025-07-06T11:03:00.822Z"}
{"level":"info","message":{"ip":"::1","method":"POST","timestamp":"2025-07-06T11:09:06.839Z","url":"/api/students/auth/login"},"timestamp":"2025-07-06T11:09:06.839Z"}
{"level":"info","message":{"ip":"::1","method":"POST","timestamp":"2025-07-06T14:15:01.556Z","url":"/api/students/auth/login"},"timestamp":"2025-07-06T14:15:01.557Z"}
{"level":"info","message":{"ip":"::1","method":"POST","timestamp":"2025-07-06T14:15:26.404Z","url":"/api/students/auth/login"},"timestamp":"2025-07-06T14:15:26.404Z"}
{"level":"info","message":{"ip":"::1","method":"POST","timestamp":"2025-07-06T14:17:43.947Z","url":"/api/students/auth/login"},"timestamp":"2025-07-06T14:17:43.947Z"}
{"level":"info","message":{"ip":"::1","method":"POST","timestamp":"2025-07-06T14:21:49.443Z","url":"/api/students/auth/login"},"timestamp":"2025-07-06T14:21:49.443Z"}
{"level":"info","message":{"ip":"::1","method":"POST","timestamp":"2025-07-06T14:22:03.263Z","url":"/api/students/auth/login"},"timestamp":"2025-07-06T14:22:03.263Z"}
{"level":"info","message":{"ip":"::1","method":"POST","timestamp":"2025-07-06T14:25:33.324Z","url":"/api/students/auth/login"},"timestamp":"2025-07-06T14:25:33.325Z"}
{"level":"info","message":{"ip":"::1","method":"POST","timestamp":"2025-07-06T14:26:30.500Z","url":"/api/students/auth/login"},"timestamp":"2025-07-06T14:26:30.500Z"}
{"level":"info","message":{"ip":"::1","method":"POST","timestamp":"2025-07-06T14:27:04.322Z","url":"/api/students/auth/login"},"timestamp":"2025-07-06T14:27:04.322Z"}
{"level":"info","message":{"ip":"::1","method":"POST","timestamp":"2025-07-06T14:29:30.361Z","url":"/api/students/auth/login"},"timestamp":"2025-07-06T14:29:30.361Z"}
{"level":"info","message":{"ip":"::1","method":"POST","timestamp":"2025-07-06T14:31:52.950Z","url":"/api/students/auth/login"},"timestamp":"2025-07-06T14:31:52.950Z"}
{"level":"info","message":{"ip":"::1","method":"POST","timestamp":"2025-07-06T16:06:05.086Z","url":"/api/students/auth/login"},"timestamp":"2025-07-06T16:06:05.086Z"}
{"level":"info","message":{"ip":"::1","method":"POST","timestamp":"2025-07-06T16:07:08.879Z","url":"/api/students/auth/login"},"timestamp":"2025-07-06T16:07:08.879Z"}
{"level":"info","message":{"ip":"::1","method":"POST","timestamp":"2025-07-06T16:13:52.030Z","url":"/api/students/auth/login"},"timestamp":"2025-07-06T16:13:52.031Z"}
{"level":"info","message":{"ip":"::1","method":"POST","timestamp":"2025-07-06T16:17:31.648Z","url":"/api/students/auth/login"},"timestamp":"2025-07-06T16:17:31.648Z"}
{"level":"info","message":{"ip":"::1","method":"POST","timestamp":"2025-07-06T16:18:45.126Z","url":"/api/students/auth/login"},"timestamp":"2025-07-06T16:18:45.126Z"}
{"level":"info","message":{"ip":"::1","method":"POST","timestamp":"2025-07-06T16:19:01.874Z","url":"/api/students/auth/login"},"timestamp":"2025-07-06T16:19:01.874Z"}
{"level":"info","message":{"ip":"::1","method":"POST","timestamp":"2025-07-06T16:19:38.947Z","url":"/api/students/auth/login"},"timestamp":"2025-07-06T16:19:38.947Z"}
{"level":"info","message":{"ip":"::1","method":"POST","timestamp":"2025-07-06T16:19:50.814Z","url":"/api/students/auth/login"},"timestamp":"2025-07-06T16:19:50.815Z"}
{"level":"info","message":{"ip":"::1","method":"POST","timestamp":"2025-07-06T16:20:04.624Z","url":"/api/students/auth/login"},"timestamp":"2025-07-06T16:20:04.624Z"}
{"level":"info","message":{"ip":"::1","method":"POST","timestamp":"2025-07-06T16:20:24.259Z","url":"/api/students/auth/login"},"timestamp":"2025-07-06T16:20:24.259Z"}
{"level":"info","message":{"ip":"::1","method":"POST","timestamp":"2025-07-07T04:18:15.669Z","url":"/api/students/signup"},"timestamp":"2025-07-07T04:18:15.669Z"}
{"level":"info","message":{"ip":"::1","method":"POST","timestamp":"2025-07-07T04:18:22.572Z","url":"/api/students/signup"},"timestamp":"2025-07-07T04:18:22.572Z"}
{"level":"info","message":{"ip":"::1","method":"POST","timestamp":"2025-07-07T04:18:37.750Z","url":"/api/students/signup"},"timestamp":"2025-07-07T04:18:37.750Z"}
{"level":"info","message":{"ip":"::1","method":"POST","timestamp":"2025-07-07T04:18:50.868Z","url":"/api/students/signup"},"timestamp":"2025-07-07T04:18:50.868Z"}
{"level":"info","message":{"ip":"::1","method":"POST","timestamp":"2025-07-07T04:19:24.791Z","url":"/api/students/signup"},"timestamp":"2025-07-07T04:19:24.791Z"}
{"level":"info","message":{"ip":"::1","method":"POST","timestamp":"2025-07-07T04:20:24.376Z","url":"/api/students/signup"},"timestamp":"2025-07-07T04:20:24.376Z"}
{"level":"info","message":{"ip":"::1","method":"POST","timestamp":"2025-07-07T04:32:30.090Z","url":"/api/students/signup"},"timestamp":"2025-07-07T04:32:30.090Z"}
{"level":"info","message":{"ip":"::1","method":"POST","timestamp":"2025-07-07T04:33:21.532Z","url":"/api/students/verify"},"timestamp":"2025-07-07T04:33:21.532Z"}
{"level":"info","message":{"ip":"::1","method":"POST","timestamp":"2025-07-07T04:35:55.059Z","url":"/api/students/auth/login"},"timestamp":"2025-07-07T04:35:55.059Z"}
{"level":"info","message":{"ip":"::1","method":"GET","timestamp":"2025-07-07T04:59:11.699Z","url":"/api/students/profile"},"timestamp":"2025-07-07T04:59:11.699Z"}
{"level":"info","message":{"ip":"::1","method":"GET","timestamp":"2025-07-07T04:59:17.695Z","url":"/api/students/profile"},"timestamp":"2025-07-07T04:59:17.695Z"}
{"level":"info","message":{"ip":"::1","method":"GET","timestamp":"2025-07-07T04:59:35.694Z","url":"/api/students/profile"},"timestamp":"2025-07-07T04:59:35.694Z"}
{"level":"info","message":{"ip":"::1","method":"GET","timestamp":"2025-07-07T04:59:38.706Z","url":"/api/students/profile"},"timestamp":"2025-07-07T04:59:38.706Z"}
{"level":"info","message":{"ip":"::1","method":"GET","timestamp":"2025-07-07T04:59:44.713Z","url":"/api/students/profile"},"timestamp":"2025-07-07T04:59:44.713Z"}
{"level":"info","message":{"ip":"::1","method":"GET","timestamp":"2025-07-07T04:59:46.684Z","url":"/api/students/profile"},"timestamp":"2025-07-07T04:59:46.684Z"}
{"level":"info","message":{"ip":"::1","method":"POST","timestamp":"2025-07-07T05:01:39.370Z","url":"/api/students/auth/login"},"timestamp":"2025-07-07T05:01:39.370Z"}
{"level":"info","message":{"ip":"::1","method":"POST","timestamp":"2025-07-07T05:01:52.327Z","url":"/api/students/auth/login"},"timestamp":"2025-07-07T05:01:52.327Z"}
{"level":"info","message":{"ip":"::1","method":"GET","timestamp":"2025-07-07T05:01:57.059Z","url":"/api/students/profile"},"timestamp":"2025-07-07T05:01:57.059Z"}
{"level":"info","message":{"ip":"::1","method":"GET","timestamp":"2025-07-07T05:02:42.692Z","url":"/api/students/profile"},"timestamp":"2025-07-07T05:02:42.692Z"}
{"level":"info","message":{"ip":"::1","method":"GET","timestamp":"2025-07-07T05:02:47.690Z","url":"/api/students/profile"},"timestamp":"2025-07-07T05:02:47.690Z"}
{"level":"info","message":{"ip":"::1","method":"GET","timestamp":"2025-07-07T05:02:49.696Z","url":"/api/students/profile"},"timestamp":"2025-07-07T05:02:49.696Z"}
{"level":"info","message":{"ip":"::1","method":"POST","timestamp":"2025-07-07T05:03:36.539Z","url":"/api/students/auth/login"},"timestamp":"2025-07-07T05:03:36.539Z"}
{"level":"info","message":{"ip":"::1","method":"GET","timestamp":"2025-07-07T05:03:40.124Z","url":"/api/students/profile"},"timestamp":"2025-07-07T05:03:40.124Z"}
{"level":"info","message":{"ip":"::1","method":"POST","timestamp":"2025-07-07T05:16:47.387Z","url":"/api/students/auth/login"},"timestamp":"2025-07-07T05:16:47.388Z"}
{"level":"info","message":{"ip":"::1","method":"GET","timestamp":"2025-07-07T05:16:54.705Z","url":"/api/students/profile"},"timestamp":"2025-07-07T05:16:54.705Z"}
{"level":"info","message":{"ip":"::1","method":"GET","timestamp":"2025-07-07T05:16:59.968Z","url":"/api/students/profile"},"timestamp":"2025-07-07T05:16:59.968Z"}
{"level":"info","message":{"ip":"::1","method":"POST","timestamp":"2025-07-07T05:20:30.856Z","url":"/api/students/auth/login"},"timestamp":"2025-07-07T05:20:30.856Z"}
{"level":"info","message":{"ip":"::1","method":"POST","timestamp":"2025-07-07T05:21:52.585Z","url":"/api/students/auth/login"},"timestamp":"2025-07-07T05:21:52.585Z"}
{"level":"info","message":{"ip":"::1","method":"GET","timestamp":"2025-07-07T05:21:57.639Z","url":"/api/students/profile"},"timestamp":"2025-07-07T05:21:57.639Z"}
{"level":"info","message":{"ip":"::1","method":"GET","timestamp":"2025-07-07T06:05:33.789Z","url":"/api/institutes/institutes-data"},"timestamp":"2025-07-07T06:05:33.792Z"}
{"level":"info","message":{"ip":"::1","method":"POST","timestamp":"2025-07-07T06:48:53.492Z","url":"/api/students/auth/login"},"timestamp":"2025-07-07T06:48:53.493Z"}
{"level":"info","message":{"ip":"::1","method":"POST","timestamp":"2025-07-07T06:50:47.182Z","url":"/api/students/auth/login"},"timestamp":"2025-07-07T06:50:47.182Z"}
{"level":"info","message":{"ip":"::1","method":"GET","timestamp":"2025-07-07T06:57:15.762Z","url":"/api/students/me"},"timestamp":"2025-07-07T06:57:15.762Z"}
{"level":"info","message":{"ip":"::1","method":"GET","timestamp":"2025-07-07T06:57:15.833Z","url":"/api/institutes/me"},"timestamp":"2025-07-07T06:57:15.833Z"}
{"level":"info","message":{"ip":"::1","method":"GET","timestamp":"2025-07-07T06:58:10.795Z","url":"/api/students/me"},"timestamp":"2025-07-07T06:58:10.795Z"}
{"level":"info","message":{"ip":"::1","method":"GET","timestamp":"2025-07-07T06:58:10.869Z","url":"/api/institutes/profile"},"timestamp":"2025-07-07T06:58:10.869Z"}
{"level":"info","message":{"ip":"::1","method":"GET","timestamp":"2025-07-07T06:58:15.495Z","url":"/api/students/profile"},"timestamp":"2025-07-07T06:58:15.495Z"}
{"level":"info","message":{"ip":"::1","method":"GET","timestamp":"2025-07-07T06:58:36.675Z","url":"/api/students/profile"},"timestamp":"2025-07-07T06:58:36.675Z"}
{"level":"info","message":{"ip":"::1","method":"GET","timestamp":"2025-07-07T06:58:50.807Z","url":"/api/students/profile"},"timestamp":"2025-07-07T06:58:50.807Z"}
{"level":"info","message":{"ip":"::1","method":"GET","timestamp":"2025-07-07T06:58:55.258Z","url":"/api/students/profile"},"timestamp":"2025-07-07T06:58:55.258Z"}
{"level":"info","message":{"ip":"::1","method":"GET","timestamp":"2025-07-07T06:59:02.056Z","url":"/api/students/profile"},"timestamp":"2025-07-07T06:59:02.056Z"}
{"level":"info","message":{"ip":"::1","method":"GET","timestamp":"2025-07-07T06:59:02.488Z","url":"/api/students/profile"},"timestamp":"2025-07-07T06:59:02.488Z"}
{"level":"info","message":{"ip":"::1","method":"GET","timestamp":"2025-07-07T06:59:17.567Z","url":"/api/students/profile"},"timestamp":"2025-07-07T06:59:17.567Z"}
{"level":"info","message":{"ip":"::1","method":"GET","timestamp":"2025-07-07T07:04:35.781Z","url":"/api/students/profile"},"timestamp":"2025-07-07T07:04:35.782Z"}
{"level":"info","message":{"ip":"::1","method":"GET","timestamp":"2025-07-07T07:04:41.172Z","url":"/api/students/profile"},"timestamp":"2025-07-07T07:04:41.172Z"}
{"level":"info","message":{"ip":"::1","method":"GET","timestamp":"2025-07-07T07:05:23.574Z","url":"/api/students/profile"},"timestamp":"2025-07-07T07:05:23.574Z"}
{"level":"info","message":{"ip":"::1","method":"GET","timestamp":"2025-07-07T07:05:29.614Z","url":"/api/students/profile"},"timestamp":"2025-07-07T07:05:29.614Z"}
{"level":"info","message":{"ip":"::1","method":"GET","timestamp":"2025-07-07T07:05:34.427Z","url":"/api/students/profile"},"timestamp":"2025-07-07T07:05:34.427Z"}
{"level":"info","message":{"ip":"::1","method":"POST","timestamp":"2025-07-07T07:05:39.039Z","url":"/api/students/logout"},"timestamp":"2025-07-07T07:05:39.039Z"}
{"level":"info","message":{"ip":"::1","method":"GET","timestamp":"2025-07-07T07:05:39.409Z","url":"/api/students/logout"},"timestamp":"2025-07-07T07:05:39.409Z"}
{"level":"info","message":{"ip":"::1","method":"POST","timestamp":"2025-07-07T07:05:50.966Z","url":"/api/students/auth/login"},"timestamp":"2025-07-07T07:05:50.966Z"}
{"level":"info","message":{"ip":"::1","method":"POST","timestamp":"2025-07-07T07:10:44.317Z","url":"/api/students/auth/login"},"timestamp":"2025-07-07T07:10:44.318Z"}
{"level":"info","message":{"ip":"::1","method":"POST","timestamp":"2025-07-07T07:11:09.502Z","url":"/api/students/auth/login"},"timestamp":"2025-07-07T07:11:09.502Z"}
{"level":"info","message":{"ip":"::1","method":"POST","timestamp":"2025-07-07T07:24:46.254Z","url":"/api/students/signup"},"timestamp":"2025-07-07T07:24:46.255Z"}
{"level":"info","message":{"ip":"::1","method":"POST","timestamp":"2025-07-07T07:25:21.662Z","url":"/api/students/verify"},"timestamp":"2025-07-07T07:25:21.662Z"}
{"level":"info","message":{"ip":"::1","method":"GET","timestamp":"2025-07-07T07:34:38.494Z","url":"/api/students/profile"},"timestamp":"2025-07-07T07:34:38.495Z"}
{"level":"info","message":{"ip":"::1","method":"GET","timestamp":"2025-07-07T07:35:22.074Z","url":"/api/students/profile"},"timestamp":"2025-07-07T07:35:22.074Z"}
{"level":"info","message":{"ip":"::1","method":"GET","timestamp":"2025-07-07T07:35:22.343Z","url":"/api/students/profile"},"timestamp":"2025-07-07T07:35:22.343Z"}
{"level":"info","message":{"ip":"::1","method":"GET","timestamp":"2025-07-07T07:35:33.204Z","url":"/api/students/profile"},"timestamp":"2025-07-07T07:35:33.204Z"}
{"level":"info","message":{"ip":"::1","method":"GET","timestamp":"2025-07-07T07:35:33.350Z","url":"/api/students/profile"},"timestamp":"2025-07-07T07:35:33.350Z"}
{"level":"info","message":{"ip":"::1","method":"GET","timestamp":"2025-07-07T07:35:39.722Z","url":"/api/students/profile"},"timestamp":"2025-07-07T07:35:39.722Z"}
{"level":"info","message":{"ip":"::1","method":"GET","timestamp":"2025-07-07T07:35:40.036Z","url":"/api/students/profile"},"timestamp":"2025-07-07T07:35:40.036Z"}
{"level":"info","message":{"ip":"::1","method":"GET","timestamp":"2025-07-07T07:35:49.111Z","url":"/api/students/logout"},"timestamp":"2025-07-07T07:35:49.111Z"}
{"level":"info","message":{"ip":"::1","method":"GET","timestamp":"2025-07-07T07:35:52.227Z","url":"/api/students/profile"},"timestamp":"2025-07-07T07:35:52.227Z"}
{"level":"info","message":{"ip":"::1","method":"POST","timestamp":"2025-07-07T07:35:59.519Z","url":"/api/students/auth/login"},"timestamp":"2025-07-07T07:35:59.519Z"}
{"level":"info","message":{"ip":"::1","method":"GET","timestamp":"2025-07-07T07:36:04.102Z","url":"/api/students/logout"},"timestamp":"2025-07-07T07:36:04.102Z"}
{"level":"info","message":{"ip":"::1","method":"GET","timestamp":"2025-07-07T07:36:06.873Z","url":"/api/students/profile"},"timestamp":"2025-07-07T07:36:06.873Z"}
{"level":"info","message":{"ip":"::1","method":"POST","timestamp":"2025-07-07T07:36:40.022Z","url":"/api/students/signup"},"timestamp":"2025-07-07T07:36:40.022Z"}
{"level":"info","message":{"ip":"::1","method":"POST","timestamp":"2025-07-07T07:54:42.062Z","url":"/api/students/signup"},"timestamp":"2025-07-07T07:54:42.063Z"}
{"level":"info","message":{"ip":"::1","method":"POST","timestamp":"2025-07-07T07:54:53.832Z","url":"/api/students/signup"},"timestamp":"2025-07-07T07:54:53.832Z"}
{"level":"info","message":{"ip":"::1","method":"POST","timestamp":"2025-07-07T07:55:28.100Z","url":"/api/students/verify"},"timestamp":"2025-07-07T07:55:28.100Z"}
{"level":"info","message":{"ip":"::1","method":"GET","timestamp":"2025-07-07T07:59:20.392Z","url":"/api/students/profile"},"timestamp":"2025-07-07T07:59:20.392Z"}
{"level":"info","message":{"ip":"::1","method":"GET","timestamp":"2025-07-07T07:59:20.788Z","url":"/api/students/profile"},"timestamp":"2025-07-07T07:59:20.788Z"}
{"level":"info","message":{"ip":"::1","method":"GET","timestamp":"2025-07-07T07:59:47.105Z","url":"/api/students/profile"},"timestamp":"2025-07-07T07:59:47.105Z"}
{"level":"info","message":{"ip":"::1","method":"GET","timestamp":"2025-07-07T07:59:47.359Z","url":"/api/students/profile"},"timestamp":"2025-07-07T07:59:47.359Z"}
{"level":"info","message":{"ip":"::1","method":"GET","timestamp":"2025-07-07T08:00:05.753Z","url":"/api/students/profile"},"timestamp":"2025-07-07T08:00:05.754Z"}
{"level":"info","message":{"ip":"::1","method":"GET","timestamp":"2025-07-07T08:00:07.679Z","url":"/api/students/profile"},"timestamp":"2025-07-07T08:00:07.679Z"}
{"level":"info","message":{"ip":"::1","method":"POST","timestamp":"2025-07-07T08:00:15.370Z","url":"/api/students/auth/login"},"timestamp":"2025-07-07T08:00:15.370Z"}
{"level":"info","message":{"ip":"::1","method":"GET","timestamp":"2025-07-07T08:00:33.251Z","url":"/api/students/profile"},"timestamp":"2025-07-07T08:00:33.251Z"}
{"level":"info","message":{"ip":"::1","method":"GET","timestamp":"2025-07-07T08:00:33.494Z","url":"/api/students/profile"},"timestamp":"2025-07-07T08:00:33.494Z"}
{"level":"info","message":{"ip":"::1","method":"GET","timestamp":"2025-07-07T08:00:42.704Z","url":"/api/students/logout"},"timestamp":"2025-07-07T08:00:42.704Z"}
{"level":"info","message":{"ip":"::1","method":"GET","timestamp":"2025-07-07T08:00:59.163Z","url":"/api/students/profile"},"timestamp":"2025-07-07T08:00:59.163Z"}
{"level":"info","message":{"ip":"::1","method":"POST","timestamp":"2025-07-07T08:01:07.843Z","url":"/api/students/auth/login"},"timestamp":"2025-07-07T08:01:07.843Z"}
{"level":"info","message":{"ip":"::1","method":"GET","timestamp":"2025-07-07T08:03:45.698Z","url":"/api/students/profile"},"timestamp":"2025-07-07T08:03:45.698Z"}
{"level":"info","message":{"ip":"::1","method":"GET","timestamp":"2025-07-07T08:03:45.943Z","url":"/api/students/profile"},"timestamp":"2025-07-07T08:03:45.943Z"}
{"level":"info","message":{"ip":"::1","method":"GET","timestamp":"2025-07-07T08:03:53.641Z","url":"/api/students/profile"},"timestamp":"2025-07-07T08:03:53.641Z"}
{"level":"info","message":{"ip":"::1","method":"GET","timestamp":"2025-07-07T08:03:54.072Z","url":"/api/students/profile"},"timestamp":"2025-07-07T08:03:54.072Z"}
{"level":"info","message":{"ip":"::1","method":"GET","timestamp":"2025-07-07T08:04:03.851Z","url":"/api/students/logout"},"timestamp":"2025-07-07T08:04:03.851Z"}
{"level":"info","message":{"ip":"::1","method":"GET","timestamp":"2025-07-07T08:04:11.164Z","url":"/api/students/profile"},"timestamp":"2025-07-07T08:04:11.164Z"}
{"level":"info","message":{"ip":"::1","method":"POST","timestamp":"2025-07-07T08:04:35.136Z","url":"/api/students/auth/login"},"timestamp":"2025-07-07T08:04:35.136Z"}
{"level":"info","message":{"ip":"::1","method":"GET","timestamp":"2025-07-07T08:07:30.773Z","url":"/api/students/profile"},"timestamp":"2025-07-07T08:07:30.773Z"}
{"level":"info","message":{"ip":"::1","method":"GET","timestamp":"2025-07-07T08:07:32.042Z","url":"/api/students/profile"},"timestamp":"2025-07-07T08:07:32.042Z"}
{"level":"info","message":{"ip":"::1","method":"GET","timestamp":"2025-07-07T08:07:38.572Z","url":"/api/students/profile"},"timestamp":"2025-07-07T08:07:38.572Z"}
{"level":"info","message":{"ip":"::1","method":"GET","timestamp":"2025-07-07T08:07:38.711Z","url":"/api/students/profile"},"timestamp":"2025-07-07T08:07:38.712Z"}
{"level":"info","message":{"ip":"::1","method":"GET","timestamp":"2025-07-07T08:07:46.047Z","url":"/api/students/logout"},"timestamp":"2025-07-07T08:07:46.047Z"}
{"level":"info","message":{"ip":"::1","method":"GET","timestamp":"2025-07-07T08:07:51.666Z","url":"/api/students/profile"},"timestamp":"2025-07-07T08:07:51.666Z"}
{"level":"info","message":{"ip":"::1","method":"POST","timestamp":"2025-07-07T08:07:59.102Z","url":"/api/students/auth/login"},"timestamp":"2025-07-07T08:07:59.102Z"}
{"level":"info","message":{"ip":"::1","method":"GET","timestamp":"2025-07-07T08:08:43.570Z","url":"/api/students/profile"},"timestamp":"2025-07-07T08:08:43.570Z"}
{"level":"info","message":{"ip":"::1","method":"GET","timestamp":"2025-07-07T08:08:43.822Z","url":"/api/students/profile"},"timestamp":"2025-07-07T08:08:43.822Z"}
{"level":"info","message":{"ip":"::1","method":"GET","timestamp":"2025-07-07T08:39:07.457Z","url":"/api/students/profile"},"timestamp":"2025-07-07T08:39:07.458Z"}
{"level":"info","message":{"ip":"::1","method":"GET","timestamp":"2025-07-07T08:39:09.293Z","url":"/api/students/profile"},"timestamp":"2025-07-07T08:39:09.293Z"}
{"level":"info","message":{"ip":"::1","method":"GET","timestamp":"2025-07-07T08:56:44.062Z","url":"/api/students/profile"},"timestamp":"2025-07-07T08:56:44.067Z"}
{"level":"info","message":{"ip":"::1","method":"GET","timestamp":"2025-07-07T08:56:47.817Z","url":"/api/students/profile"},"timestamp":"2025-07-07T08:56:47.820Z"}
{"level":"info","message":{"ip":"::1","method":"GET","timestamp":"2025-07-07T09:41:48.389Z","url":"/api/students/profile"},"timestamp":"2025-07-07T09:41:48.392Z"}
{"level":"info","message":{"ip":"::1","method":"GET","timestamp":"2025-07-07T09:41:50.542Z","url":"/api/students/profile"},"timestamp":"2025-07-07T09:41:50.542Z"}
{"level":"info","message":{"ip":"::1","method":"GET","timestamp":"2025-07-07T10:27:39.773Z","url":"/api/students/profile"},"timestamp":"2025-07-07T10:27:39.777Z"}
{"level":"info","message":{"ip":"::1","method":"GET","timestamp":"2025-07-07T10:27:42.187Z","url":"/api/students/profile"},"timestamp":"2025-07-07T10:27:42.187Z"}
{"level":"info","message":{"ip":"::1","method":"GET","timestamp":"2025-07-07T10:30:03.231Z","url":"/api/students/profile"},"timestamp":"2025-07-07T10:30:03.232Z"}
{"level":"info","message":{"ip":"::1","method":"GET","timestamp":"2025-07-07T10:30:03.652Z","url":"/api/students/profile"},"timestamp":"2025-07-07T10:30:03.652Z"}
{"level":"info","message":{"ip":"::1","method":"GET","timestamp":"2025-07-07T10:32:15.625Z","url":"/api/students/profile"},"timestamp":"2025-07-07T10:32:15.625Z"}
{"level":"info","message":{"ip":"::1","method":"GET","timestamp":"2025-07-07T10:32:16.280Z","url":"/api/students/profile"},"timestamp":"2025-07-07T10:32:16.280Z"}
{"level":"info","message":{"ip":"::1","method":"GET","timestamp":"2025-07-07T10:32:23.912Z","url":"/api/students/logout"},"timestamp":"2025-07-07T10:32:23.912Z"}
{"level":"info","message":{"ip":"::1","method":"GET","timestamp":"2025-07-07T10:44:44.542Z","url":"/api/students/profile"},"timestamp":"2025-07-07T10:44:44.543Z"}
{"level":"info","message":{"ip":"::1","method":"GET","timestamp":"2025-07-07T10:44:49.451Z","url":"/api/students/profile"},"timestamp":"2025-07-07T10:44:49.452Z"}
{"level":"info","message":{"ip":"::1","method":"GET","timestamp":"2025-07-07T10:44:49.661Z","url":"/api/students/profile"},"timestamp":"2025-07-07T10:44:49.661Z"}
{"level":"info","message":{"ip":"::1","method":"POST","timestamp":"2025-07-07T10:44:52.775Z","url":"/api/students/logout"},"timestamp":"2025-07-07T10:44:52.775Z"}
{"level":"info","message":{"ip":"::1","method":"GET","timestamp":"2025-07-07T10:49:01.306Z","url":"/api/students/profile"},"timestamp":"2025-07-07T10:49:01.306Z"}
{"level":"info","message":{"ip":"::1","method":"POST","timestamp":"2025-07-07T10:49:10.516Z","url":"/api/students/auth/login"},"timestamp":"2025-07-07T10:49:10.516Z"}
{"level":"info","message":{"ip":"::1","method":"POST","timestamp":"2025-07-07T10:49:21.036Z","url":"/api/students/logout"},"timestamp":"2025-07-07T10:49:21.036Z"}
{"level":"info","message":{"ip":"::1","method":"GET","timestamp":"2025-07-07T10:52:25.928Z","url":"/api/students/profile"},"timestamp":"2025-07-07T10:52:25.928Z"}
{"level":"info","message":{"ip":"::1","method":"GET","timestamp":"2025-07-07T10:52:31.056Z","url":"/api/institutes/profile"},"timestamp":"2025-07-07T10:52:31.056Z"}
{"level":"info","message":{"ip":"::1","method":"POST","timestamp":"2025-07-07T10:52:40.612Z","url":"/api/students/auth/login"},"timestamp":"2025-07-07T10:52:40.612Z"}
{"level":"info","message":{"ip":"::1","method":"GET","timestamp":"2025-07-07T10:52:51.613Z","url":"/api/students/profile"},"timestamp":"2025-07-07T10:52:51.613Z"}
{"level":"info","message":{"ip":"::1","method":"POST","timestamp":"2025-07-07T10:52:59.519Z","url":"/api/students/auth/login"},"timestamp":"2025-07-07T10:52:59.519Z"}
{"level":"info","message":{"ip":"::1","method":"POST","timestamp":"2025-07-07T10:53:10.114Z","url":"/api/students/logout"},"timestamp":"2025-07-07T10:53:10.114Z"}
{"level":"info","message":{"ip":"::1","method":"GET","timestamp":"2025-07-07T10:54:58.567Z","url":"/api/students/profile"},"timestamp":"2025-07-07T10:54:58.573Z"}
{"level":"info","message":{"ip":"::1","method":"GET","timestamp":"2025-07-07T10:54:59.908Z","url":"/api/students/profile"},"timestamp":"2025-07-07T10:54:59.908Z"}
{"level":"info","message":{"ip":"::1","method":"POST","timestamp":"2025-07-07T10:55:06.938Z","url":"/api/students/logout"},"timestamp":"2025-07-07T10:55:06.938Z"}
{"level":"info","message":{"ip":"::1","method":"GET","timestamp":"2025-07-07T10:55:10.603Z","url":"/api/students/profile"},"timestamp":"2025-07-07T10:55:10.603Z"}
{"level":"info","message":{"ip":"::1","method":"GET","timestamp":"2025-07-07T10:55:11.246Z","url":"/api/students/profile"},"timestamp":"2025-07-07T10:55:11.246Z"}
{"level":"info","message":{"ip":"::1","method":"POST","timestamp":"2025-07-07T10:55:34.699Z","url":"/api/students/logout"},"timestamp":"2025-07-07T10:55:34.699Z"}
{"level":"info","message":{"ip":"::1","method":"GET","timestamp":"2025-07-07T10:55:39.042Z","url":"/api/students/profile"},"timestamp":"2025-07-07T10:55:39.042Z"}
{"level":"info","message":{"ip":"::1","method":"GET","timestamp":"2025-07-07T10:55:39.472Z","url":"/api/students/profile"},"timestamp":"2025-07-07T10:55:39.472Z"}
{"level":"info","message":{"ip":"::1","method":"GET","timestamp":"2025-07-07T11:00:26.167Z","url":"/api/students/profile"},"timestamp":"2025-07-07T11:00:26.167Z"}
{"level":"info","message":{"ip":"::1","method":"GET","timestamp":"2025-07-07T11:00:27.464Z","url":"/api/students/profile"},"timestamp":"2025-07-07T11:00:27.464Z"}
{"level":"info","message":{"ip":"::1","method":"POST","timestamp":"2025-07-07T11:00:36.988Z","url":"/api/students/logout"},"timestamp":"2025-07-07T11:00:36.988Z"}
{"level":"info","message":{"ip":"::1","method":"GET","timestamp":"2025-07-07T11:00:40.853Z","url":"/api/students/profile"},"timestamp":"2025-07-07T11:00:40.853Z"}
{"level":"info","message":{"ip":"::1","method":"GET","timestamp":"2025-07-07T11:00:40.865Z","url":"/api/students/profile"},"timestamp":"2025-07-07T11:00:40.865Z"}
{"level":"info","message":{"ip":"::1","method":"GET","timestamp":"2025-07-07T11:00:40.963Z","url":"/api/institutes/profile"},"timestamp":"2025-07-07T11:00:40.963Z"}
{"level":"info","message":{"ip":"::1","method":"GET","timestamp":"2025-07-07T11:00:40.988Z","url":"/api/institutes/profile"},"timestamp":"2025-07-07T11:00:40.988Z"}
{"level":"info","message":{"ip":"::1","method":"GET","timestamp":"2025-07-07T11:00:51.049Z","url":"/api/students/profile"},"timestamp":"2025-07-07T11:00:51.049Z"}
{"level":"info","message":{"ip":"::1","method":"GET","timestamp":"2025-07-07T11:00:51.075Z","url":"/api/students/profile"},"timestamp":"2025-07-07T11:00:51.075Z"}
{"level":"info","message":{"ip":"::1","method":"GET","timestamp":"2025-07-07T11:00:51.164Z","url":"/api/institutes/profile"},"timestamp":"2025-07-07T11:00:51.164Z"}
{"level":"info","message":{"ip":"::1","method":"GET","timestamp":"2025-07-07T11:00:51.175Z","url":"/api/institutes/profile"},"timestamp":"2025-07-07T11:00:51.175Z"}
{"level":"info","message":{"ip":"::1","method":"GET","timestamp":"2025-07-07T11:00:56.246Z","url":"/api/students/profile"},"timestamp":"2025-07-07T11:00:56.246Z"}
{"level":"info","message":{"ip":"::1","method":"GET","timestamp":"2025-07-07T11:00:56.281Z","url":"/api/institutes/profile"},"timestamp":"2025-07-07T11:00:56.281Z"}
{"level":"info","message":{"ip":"::1","method":"POST","timestamp":"2025-07-07T11:01:04.193Z","url":"/api/students/auth/login"},"timestamp":"2025-07-07T11:01:04.193Z"}
{"level":"info","message":{"ip":"::1","method":"GET","timestamp":"2025-07-07T11:01:17.872Z","url":"/api/students/profile"},"timestamp":"2025-07-07T11:01:17.872Z"}
{"level":"info","message":{"ip":"::1","method":"GET","timestamp":"2025-07-07T11:01:18.019Z","url":"/api/students/profile"},"timestamp":"2025-07-07T11:01:18.019Z"}
{"level":"info","message":{"ip":"::1","method":"POST","timestamp":"2025-07-07T11:01:26.360Z","url":"/api/students/logout"},"timestamp":"2025-07-07T11:01:26.360Z"}
{"level":"info","message":{"ip":"::1","method":"GET","timestamp":"2025-07-07T11:01:31.217Z","url":"/api/students/profile"},"timestamp":"2025-07-07T11:01:31.217Z"}
{"level":"info","message":{"ip":"::1","method":"GET","timestamp":"2025-07-07T11:01:31.258Z","url":"/api/institutes/profile"},"timestamp":"2025-07-07T11:01:31.258Z"}
{"level":"info","message":{"ip":"::1","method":"GET","timestamp":"2025-07-07T11:01:35.212Z","url":"/api/students/profile"},"timestamp":"2025-07-07T11:01:35.212Z"}
{"level":"info","message":{"ip":"::1","method":"GET","timestamp":"2025-07-07T11:01:35.234Z","url":"/api/students/profile"},"timestamp":"2025-07-07T11:01:35.234Z"}
{"level":"info","message":{"ip":"::1","method":"GET","timestamp":"2025-07-07T11:01:35.317Z","url":"/api/institutes/profile"},"timestamp":"2025-07-07T11:01:35.317Z"}
{"level":"info","message":{"ip":"::1","method":"GET","timestamp":"2025-07-07T11:01:35.343Z","url":"/api/institutes/profile"},"timestamp":"2025-07-07T11:01:35.343Z"}
{"level":"info","message":{"ip":"::1","method":"GET","timestamp":"2025-07-07T11:01:39.896Z","url":"/api/students/profile"},"timestamp":"2025-07-07T11:01:39.896Z"}
{"level":"info","message":{"ip":"::1","method":"GET","timestamp":"2025-07-07T11:01:39.936Z","url":"/api/institutes/profile"},"timestamp":"2025-07-07T11:01:39.936Z"}
{"level":"info","message":{"ip":"::1","method":"POST","timestamp":"2025-07-07T11:01:48.609Z","url":"/api/students/auth/login"},"timestamp":"2025-07-07T11:01:48.609Z"}
{"level":"info","message":{"ip":"::1","method":"GET","timestamp":"2025-07-07T11:08:10.005Z","url":"/api/students/profile"},"timestamp":"2025-07-07T11:08:10.005Z"}
{"level":"info","message":{"ip":"::1","method":"GET","timestamp":"2025-07-07T11:08:12.656Z","url":"/api/students/profile"},"timestamp":"2025-07-07T11:08:12.656Z"}
{"level":"info","message":{"ip":"::1","method":"GET","timestamp":"2025-07-07T11:08:14.119Z","url":"/api/students/profile"},"timestamp":"2025-07-07T11:08:14.119Z"}
{"level":"info","message":{"ip":"::1","method":"GET","timestamp":"2025-07-07T11:08:14.280Z","url":"/api/students/profile"},"timestamp":"2025-07-07T11:08:14.280Z"}
{"level":"info","message":{"ip":"::1","method":"POST","timestamp":"2025-07-07T11:08:16.971Z","url":"/api/students/logout"},"timestamp":"2025-07-07T11:08:16.971Z"}
{"level":"info","message":{"ip":"::1","method":"GET","timestamp":"2025-07-07T11:08:20.832Z","url":"/api/students/profile"},"timestamp":"2025-07-07T11:08:20.832Z"}
{"level":"info","message":{"ip":"::1","method":"GET","timestamp":"2025-07-07T11:08:20.862Z","url":"/api/institutes/profile"},"timestamp":"2025-07-07T11:08:20.862Z"}
{"level":"info","message":{"ip":"::1","method":"POST","timestamp":"2025-07-07T11:08:29.552Z","url":"/api/students/auth/login"},"timestamp":"2025-07-07T11:08:29.552Z"}
{"level":"info","message":{"ip":"::1","method":"GET","timestamp":"2025-07-07T11:09:50.240Z","url":"/api/students/profile"},"timestamp":"2025-07-07T11:09:50.240Z"}
{"level":"info","message":{"ip":"::1","method":"GET","timestamp":"2025-07-07T11:09:50.533Z","url":"/api/students/profile"},"timestamp":"2025-07-07T11:09:50.533Z"}
{"level":"info","message":{"ip":"::1","method":"POST","timestamp":"2025-07-07T11:09:58.918Z","url":"/api/students/auth/login"},"timestamp":"2025-07-07T11:09:58.918Z"}
{"level":"info","message":{"ip":"::1","method":"GET","timestamp":"2025-07-07T11:10:04.006Z","url":"/api/students/profile"},"timestamp":"2025-07-07T11:10:04.006Z"}
{"level":"info","message":{"ip":"::1","method":"GET","timestamp":"2025-07-07T11:10:04.156Z","url":"/api/students/profile"},"timestamp":"2025-07-07T11:10:04.156Z"}
{"level":"info","message":{"ip":"::1","method":"POST","timestamp":"2025-07-07T11:10:07.061Z","url":"/api/students/logout"},"timestamp":"2025-07-07T11:10:07.061Z"}
{"level":"info","message":{"ip":"::1","method":"GET","timestamp":"2025-07-07T11:10:10.143Z","url":"/api/students/profile"},"timestamp":"2025-07-07T11:10:10.143Z"}
{"level":"info","message":{"ip":"::1","method":"GET","timestamp":"2025-07-07T11:10:10.162Z","url":"/api/students/profile"},"timestamp":"2025-07-07T11:10:10.163Z"}
{"level":"info","message":{"ip":"::1","method":"GET","timestamp":"2025-07-07T11:10:10.232Z","url":"/api/institutes/profile"},"timestamp":"2025-07-07T11:10:10.232Z"}
{"level":"info","message":{"ip":"::1","method":"GET","timestamp":"2025-07-07T11:10:10.250Z","url":"/api/institutes/profile"},"timestamp":"2025-07-07T11:10:10.250Z"}
{"level":"info","message":{"ip":"::1","method":"GET","timestamp":"2025-07-07T11:10:15.347Z","url":"/api/students/profile"},"timestamp":"2025-07-07T11:10:15.347Z"}
{"level":"info","message":{"ip":"::1","method":"GET","timestamp":"2025-07-07T11:10:15.389Z","url":"/api/institutes/profile"},"timestamp":"2025-07-07T11:10:15.389Z"}
{"level":"info","message":{"ip":"::1","method":"POST","timestamp":"2025-07-07T11:10:25.334Z","url":"/api/students/auth/login"},"timestamp":"2025-07-07T11:10:25.334Z"}
{"level":"info","message":{"ip":"::1","method":"GET","timestamp":"2025-07-07T11:10:30.305Z","url":"/api/students/profile"},"timestamp":"2025-07-07T11:10:30.305Z"}
{"level":"info","message":{"ip":"::1","method":"GET","timestamp":"2025-07-07T11:10:30.437Z","url":"/api/students/profile"},"timestamp":"2025-07-07T11:10:30.437Z"}
{"level":"info","message":{"ip":"::1","method":"GET","timestamp":"2025-07-07T11:10:34.079Z","url":"/api/students/profile"},"timestamp":"2025-07-07T11:10:34.079Z"}
{"level":"info","message":{"ip":"::1","method":"GET","timestamp":"2025-07-07T11:10:34.310Z","url":"/api/students/profile"},"timestamp":"2025-07-07T11:10:34.310Z"}
{"level":"info","message":{"ip":"::1","method":"GET","timestamp":"2025-07-07T11:10:39.315Z","url":"/api/students/profile"},"timestamp":"2025-07-07T11:10:39.315Z"}
{"level":"info","message":{"ip":"::1","method":"GET","timestamp":"2025-07-07T11:10:39.482Z","url":"/api/students/profile"},"timestamp":"2025-07-07T11:10:39.482Z"}
{"level":"info","message":{"ip":"::1","method":"GET","timestamp":"2025-07-07T11:10:41.774Z","url":"/api/students/profile"},"timestamp":"2025-07-07T11:10:41.774Z"}
{"level":"info","message":{"ip":"::1","method":"GET","timestamp":"2025-07-07T11:10:42.051Z","url":"/api/students/profile"},"timestamp":"2025-07-07T11:10:42.051Z"}
{"level":"info","message":{"ip":"::1","method":"GET","timestamp":"2025-07-07T11:10:44.783Z","url":"/api/students/profile"},"timestamp":"2025-07-07T11:10:44.783Z"}
{"level":"info","message":{"ip":"::1","method":"GET","timestamp":"2025-07-07T11:10:44.922Z","url":"/api/students/profile"},"timestamp":"2025-07-07T11:10:44.922Z"}
{"level":"info","message":{"ip":"::1","method":"GET","timestamp":"2025-07-07T11:11:42.918Z","url":"/api/students/profile"},"timestamp":"2025-07-07T11:11:42.918Z"}
{"level":"info","message":{"ip":"::1","method":"GET","timestamp":"2025-07-07T11:11:43.177Z","url":"/api/students/profile"},"timestamp":"2025-07-07T11:11:43.178Z"}
{"level":"info","message":{"ip":"::1","method":"POST","timestamp":"2025-07-07T11:11:46.516Z","url":"/api/students/logout"},"timestamp":"2025-07-07T11:11:46.516Z"}
{"level":"info","message":{"ip":"::1","method":"GET","timestamp":"2025-07-07T11:11:52.455Z","url":"/api/students/profile"},"timestamp":"2025-07-07T11:11:52.455Z"}
{"level":"info","message":{"ip":"::1","method":"GET","timestamp":"2025-07-07T11:11:52.508Z","url":"/api/institutes/profile"},"timestamp":"2025-07-07T11:11:52.508Z"}
{"level":"info","message":{"ip":"::1","method":"POST","timestamp":"2025-07-07T11:12:01.144Z","url":"/api/students/auth/login"},"timestamp":"2025-07-07T11:12:01.145Z"}
{"level":"info","message":{"ip":"::1","method":"GET","timestamp":"2025-07-07T11:12:20.459Z","url":"/api/students/profile"},"timestamp":"2025-07-07T11:12:20.459Z"}
{"level":"info","message":{"ip":"::1","method":"GET","timestamp":"2025-07-07T11:12:20.737Z","url":"/api/students/profile"},"timestamp":"2025-07-07T11:12:20.738Z"}
{"level":"info","message":{"ip":"::1","method":"POST","timestamp":"2025-07-07T11:14:09.675Z","url":"/api/students/logout"},"timestamp":"2025-07-07T11:14:09.675Z"}
{"level":"info","message":{"ip":"::1","method":"GET","timestamp":"2025-07-07T11:14:13.916Z","url":"/api/students/profile"},"timestamp":"2025-07-07T11:14:13.916Z"}
{"level":"info","message":{"ip":"::1","method":"GET","timestamp":"2025-07-07T11:14:14.054Z","url":"/api/institutes/profile"},"timestamp":"2025-07-07T11:14:14.054Z"}
{"level":"info","message":{"ip":"::1","method":"GET","timestamp":"2025-07-07T11:14:16.654Z","url":"/api/students/profile"},"timestamp":"2025-07-07T11:14:16.654Z"}
{"level":"info","message":{"ip":"::1","method":"GET","timestamp":"2025-07-07T11:14:16.726Z","url":"/api/institutes/profile"},"timestamp":"2025-07-07T11:14:16.726Z"}
{"level":"info","message":{"ip":"::1","method":"POST","timestamp":"2025-07-07T11:14:24.193Z","url":"/api/students/auth/login"},"timestamp":"2025-07-07T11:14:24.193Z"}
{"level":"info","message":{"ip":"::1","method":"GET","timestamp":"2025-07-07T11:19:29.828Z","url":"/api/students/profile"},"timestamp":"2025-07-07T11:19:29.828Z"}
{"level":"info","message":{"ip":"::1","method":"GET","timestamp":"2025-07-07T11:19:30.941Z","url":"/api/students/profile"},"timestamp":"2025-07-07T11:19:30.941Z"}
{"level":"info","message":{"ip":"::1","method":"GET","timestamp":"2025-07-07T11:19:33.704Z","url":"/api/students/profile"},"timestamp":"2025-07-07T11:19:33.704Z"}
{"level":"info","message":{"ip":"::1","method":"GET","timestamp":"2025-07-07T11:19:33.825Z","url":"/api/students/profile"},"timestamp":"2025-07-07T11:19:33.825Z"}
{"level":"info","message":{"ip":"::1","method":"GET","timestamp":"2025-07-07T11:19:38.626Z","url":"/api/students/profile"},"timestamp":"2025-07-07T11:19:38.626Z"}
{"level":"info","message":{"ip":"::1","method":"GET","timestamp":"2025-07-07T11:19:38.764Z","url":"/api/students/profile"},"timestamp":"2025-07-07T11:19:38.764Z"}
{"level":"info","message":{"ip":"::1","method":"GET","timestamp":"2025-07-07T11:19:54.720Z","url":"/api/students/profile"},"timestamp":"2025-07-07T11:19:54.720Z"}
{"level":"info","message":{"ip":"::1","method":"GET","timestamp":"2025-07-07T11:19:55.027Z","url":"/api/students/profile"},"timestamp":"2025-07-07T11:19:55.027Z"}
{"level":"info","message":{"ip":"::1","method":"GET","timestamp":"2025-07-07T11:20:06.705Z","url":"/api/students/profile"},"timestamp":"2025-07-07T11:20:06.705Z"}
{"level":"info","message":{"ip":"::1","method":"GET","timestamp":"2025-07-07T11:20:06.824Z","url":"/api/students/profile"},"timestamp":"2025-07-07T11:20:06.824Z"}
{"level":"info","message":{"ip":"::1","method":"GET","timestamp":"2025-07-07T11:20:07.699Z","url":"/api/students/profile"},"timestamp":"2025-07-07T11:20:07.699Z"}
{"level":"info","message":{"ip":"::1","method":"GET","timestamp":"2025-07-07T11:20:07.823Z","url":"/api/students/profile"},"timestamp":"2025-07-07T11:20:07.824Z"}
{"level":"info","message":{"ip":"::1","method":"GET","timestamp":"2025-07-07T11:20:15.862Z","url":"/api/students/profile"},"timestamp":"2025-07-07T11:20:15.862Z"}
{"level":"info","message":{"ip":"::1","method":"GET","timestamp":"2025-07-07T11:20:16.127Z","url":"/api/students/profile"},"timestamp":"2025-07-07T11:20:16.127Z"}
{"level":"info","message":{"ip":"::1","method":"POST","timestamp":"2025-07-07T11:20:21.432Z","url":"/api/students/logout"},"timestamp":"2025-07-07T11:20:21.432Z"}
{"level":"info","message":{"ip":"::1","method":"GET","timestamp":"2025-07-07T11:20:24.322Z","url":"/api/students/profile"},"timestamp":"2025-07-07T11:20:24.322Z"}
{"level":"info","message":{"ip":"::1","method":"GET","timestamp":"2025-07-07T11:20:24.354Z","url":"/api/institutes/profile"},"timestamp":"2025-07-07T11:20:24.354Z"}
{"level":"info","message":{"ip":"::1","method":"POST","timestamp":"2025-07-07T11:20:33.264Z","url":"/api/students/auth/login"},"timestamp":"2025-07-07T11:20:33.264Z"}
{"level":"info","message":{"ip":"::1","method":"GET","timestamp":"2025-07-07T11:21:57.715Z","url":"/api/students/profile"},"timestamp":"2025-07-07T11:21:57.715Z"}
{"level":"info","message":{"ip":"::1","method":"GET","timestamp":"2025-07-07T11:21:57.968Z","url":"/api/students/profile"},"timestamp":"2025-07-07T11:21:57.968Z"}
{"level":"info","message":{"ip":"::1","method":"POST","timestamp":"2025-07-07T11:22:12.586Z","url":"/api/students/logout"},"timestamp":"2025-07-07T11:22:12.586Z"}
{"level":"info","message":{"ip":"::1","method":"GET","timestamp":"2025-07-07T11:22:15.551Z","url":"/api/students/profile"},"timestamp":"2025-07-07T11:22:15.551Z"}
{"level":"info","message":{"ip":"::1","method":"GET","timestamp":"2025-07-07T11:22:15.596Z","url":"/api/institutes/profile"},"timestamp":"2025-07-07T11:22:15.596Z"}
{"level":"info","message":{"ip":"::1","method":"POST","timestamp":"2025-07-07T11:22:25.162Z","url":"/api/students/auth/login"},"timestamp":"2025-07-07T11:22:25.162Z"}
{"level":"info","message":{"ip":"::1","method":"GET","timestamp":"2025-07-07T11:22:45.718Z","url":"/api/students/profile"},"timestamp":"2025-07-07T11:22:45.718Z"}
{"level":"info","message":{"ip":"::1","method":"GET","timestamp":"2025-07-07T11:22:46.055Z","url":"/api/students/profile"},"timestamp":"2025-07-07T11:22:46.055Z"}
{"level":"info","message":{"ip":"::1","method":"POST","timestamp":"2025-07-07T11:24:30.539Z","url":"/api/students/logout"},"timestamp":"2025-07-07T11:24:30.539Z"}
{"level":"info","message":{"ip":"::1","method":"GET","timestamp":"2025-07-07T11:24:35.005Z","url":"/api/students/profile"},"timestamp":"2025-07-07T11:24:35.005Z"}
{"level":"info","message":{"ip":"::1","method":"GET","timestamp":"2025-07-07T11:24:35.045Z","url":"/api/institutes/profile"},"timestamp":"2025-07-07T11:24:35.045Z"}
{"level":"info","message":{"ip":"::1","method":"POST","timestamp":"2025-07-07T11:24:43.899Z","url":"/api/students/auth/login"},"timestamp":"2025-07-07T11:24:43.899Z"}
{"level":"info","message":{"ip":"::1","method":"GET","timestamp":"2025-07-07T11:25:09.428Z","url":"/api/students/profile"},"timestamp":"2025-07-07T11:25:09.428Z"}
{"level":"info","message":{"ip":"::1","method":"GET","timestamp":"2025-07-07T11:25:10.090Z","url":"/api/students/profile"},"timestamp":"2025-07-07T11:25:10.090Z"}
{"level":"info","message":{"ip":"::1","method":"GET","timestamp":"2025-07-07T13:52:06.101Z","url":"/api/students/profile"},"timestamp":"2025-07-07T13:52:06.103Z"}
{"level":"info","message":{"ip":"::1","method":"GET","timestamp":"2025-07-07T13:52:08.313Z","url":"/api/students/profile"},"timestamp":"2025-07-07T13:52:08.313Z"}
{"level":"info","message":{"ip":"::1","method":"GET","timestamp":"2025-07-07T13:52:11.179Z","url":"/api/students/profile"},"timestamp":"2025-07-07T13:52:11.179Z"}
{"level":"info","message":{"ip":"::1","method":"GET","timestamp":"2025-07-07T13:52:11.306Z","url":"/api/students/profile"},"timestamp":"2025-07-07T13:52:11.306Z"}
{"level":"info","message":{"ip":"::1","method":"POST","timestamp":"2025-07-07T13:53:49.871Z","url":"/api/students/logout"},"timestamp":"2025-07-07T13:53:49.872Z"}
{"level":"info","message":{"ip":"::1","method":"GET","timestamp":"2025-07-07T13:54:08.948Z","url":"/api/students/profile"},"timestamp":"2025-07-07T13:54:08.948Z"}
{"level":"info","message":{"ip":"::1","method":"GET","timestamp":"2025-07-07T13:54:09.010Z","url":"/api/institutes/profile"},"timestamp":"2025-07-07T13:54:09.010Z"}
{"level":"info","message":{"ip":"::1","method":"GET","timestamp":"2025-07-07T13:56:36.126Z","url":"/api/students/profile"},"timestamp":"2025-07-07T13:56:36.126Z"}
{"level":"info","message":{"ip":"::1","method":"GET","timestamp":"2025-07-07T13:56:36.145Z","url":"/api/students/profile"},"timestamp":"2025-07-07T13:56:36.145Z"}
{"level":"info","message":{"ip":"::1","method":"GET","timestamp":"2025-07-07T13:56:36.285Z","url":"/api/institutes/profile"},"timestamp":"2025-07-07T13:56:36.285Z"}
{"level":"info","message":{"ip":"::1","method":"GET","timestamp":"2025-07-07T13:56:36.332Z","url":"/api/institutes/profile"},"timestamp":"2025-07-07T13:56:36.332Z"}
{"level":"info","message":{"ip":"::1","method":"GET","timestamp":"2025-07-07T13:56:42.969Z","url":"/api/students/profile"},"timestamp":"2025-07-07T13:56:42.969Z"}
{"level":"info","message":{"ip":"::1","method":"GET","timestamp":"2025-07-07T13:56:42.978Z","url":"/api/students/profile"},"timestamp":"2025-07-07T13:56:42.978Z"}
{"level":"info","message":{"ip":"::1","method":"GET","timestamp":"2025-07-07T13:56:43.011Z","url":"/api/institutes/profile"},"timestamp":"2025-07-07T13:56:43.011Z"}
{"level":"info","message":{"ip":"::1","method":"GET","timestamp":"2025-07-07T13:56:43.018Z","url":"/api/institutes/profile"},"timestamp":"2025-07-07T13:56:43.018Z"}
{"level":"info","message":{"ip":"::1","method":"GET","timestamp":"2025-07-07T13:56:48.981Z","url":"/api/students/profile"},"timestamp":"2025-07-07T13:56:48.981Z"}
{"level":"info","message":{"ip":"::1","method":"GET","timestamp":"2025-07-07T13:56:48.988Z","url":"/api/students/profile"},"timestamp":"2025-07-07T13:56:48.988Z"}
{"level":"info","message":{"ip":"::1","method":"GET","timestamp":"2025-07-07T13:56:49.042Z","url":"/api/institutes/profile"},"timestamp":"2025-07-07T13:56:49.042Z"}
{"level":"info","message":{"ip":"::1","method":"GET","timestamp":"2025-07-07T13:56:49.050Z","url":"/api/institutes/profile"},"timestamp":"2025-07-07T13:56:49.050Z"}
{"level":"info","message":{"ip":"::1","method":"GET","timestamp":"2025-07-07T14:01:17.560Z","url":"/api/students/profile"},"timestamp":"2025-07-07T14:01:17.560Z"}
{"level":"info","message":{"ip":"::1","method":"GET","timestamp":"2025-07-07T14:01:17.610Z","url":"/api/institutes/profile"},"timestamp":"2025-07-07T14:01:17.610Z"}
{"level":"info","message":{"ip":"::1","method":"GET","timestamp":"2025-07-07T14:01:26.609Z","url":"/api/students/profile"},"timestamp":"2025-07-07T14:01:26.609Z"}
{"level":"info","message":{"ip":"::1","method":"GET","timestamp":"2025-07-07T14:01:26.703Z","url":"/api/institutes/profile"},"timestamp":"2025-07-07T14:01:26.703Z"}
{"level":"info","message":{"ip":"::1","method":"GET","timestamp":"2025-07-07T14:01:30.977Z","url":"/api/students/profile"},"timestamp":"2025-07-07T14:01:30.977Z"}
{"level":"info","message":{"ip":"::1","method":"GET","timestamp":"2025-07-07T14:01:31.018Z","url":"/api/institutes/profile"},"timestamp":"2025-07-07T14:01:31.018Z"}
{"level":"info","message":{"ip":"::1","method":"POST","timestamp":"2025-07-07T14:03:50.144Z","url":"/api/students/auth/login"},"timestamp":"2025-07-07T14:03:50.144Z"}
{"level":"info","message":{"ip":"::1","method":"GET","timestamp":"2025-07-07T14:03:52.803Z","url":"/api/students/profile"},"timestamp":"2025-07-07T14:03:52.803Z"}
{"level":"info","message":{"ip":"::1","method":"POST","timestamp":"2025-07-07T14:06:11.871Z","url":"/api/students/auth/login"},"timestamp":"2025-07-07T14:06:11.871Z"}
{"level":"info","message":{"ip":"::1","method":"GET","timestamp":"2025-07-07T14:06:12.252Z","url":"/api/students/profile"},"timestamp":"2025-07-07T14:06:12.252Z"}
{"level":"info","message":{"ip":"::1","method":"GET","timestamp":"2025-07-07T14:13:40.746Z","url":"/api/students/profile"},"timestamp":"2025-07-07T14:13:40.746Z"}
{"level":"info","message":{"ip":"::1","method":"GET","timestamp":"2025-07-07T14:13:43.056Z","url":"/api/students/profile"},"timestamp":"2025-07-07T14:13:43.056Z"}
{"level":"info","message":{"ip":"::1","method":"GET","timestamp":"2025-07-07T14:13:55.980Z","url":"/api/students/profile"},"timestamp":"2025-07-07T14:13:55.980Z"}
{"level":"info","message":{"ip":"::1","method":"GET","timestamp":"2025-07-07T14:13:56.120Z","url":"/api/students/profile"},"timestamp":"2025-07-07T14:13:56.120Z"}
{"level":"info","message":{"ip":"::1","method":"GET","timestamp":"2025-07-07T14:14:26.164Z","url":"/api/students/profile"},"timestamp":"2025-07-07T14:14:26.164Z"}
{"level":"info","message":{"ip":"::1","method":"GET","timestamp":"2025-07-07T14:14:26.405Z","url":"/api/students/profile"},"timestamp":"2025-07-07T14:14:26.405Z"}
{"level":"info","message":{"ip":"::1","method":"POST","timestamp":"2025-07-07T14:14:49.762Z","url":"/api/students/logout"},"timestamp":"2025-07-07T14:14:49.762Z"}
{"level":"info","message":{"ip":"::1","method":"GET","timestamp":"2025-07-07T14:14:54.359Z","url":"/api/students/profile"},"timestamp":"2025-07-07T14:14:54.359Z"}
{"level":"info","message":{"ip":"::1","method":"GET","timestamp":"2025-07-07T14:14:54.385Z","url":"/api/institutes/profile"},"timestamp":"2025-07-07T14:14:54.385Z"}
{"level":"info","message":{"ip":"::1","method":"POST","timestamp":"2025-07-07T14:15:12.054Z","url":"/api/students/auth/login"},"timestamp":"2025-07-07T14:15:12.054Z"}
{"level":"info","message":{"ip":"::1","method":"GET","timestamp":"2025-07-07T14:15:16.512Z","url":"/api/students/profile"},"timestamp":"2025-07-07T14:15:16.512Z"}
{"level":"info","message":{"ip":"::1","method":"GET","timestamp":"2025-07-07T14:15:16.641Z","url":"/api/students/profile"},"timestamp":"2025-07-07T14:15:16.641Z"}
{"level":"info","message":{"ip":"::1","method":"POST","timestamp":"2025-07-07T14:15:36.089Z","url":"/api/students/logout"},"timestamp":"2025-07-07T14:15:36.090Z"}
{"level":"info","message":{"ip":"::1","method":"GET","timestamp":"2025-07-07T14:15:38.720Z","url":"/api/students/profile"},"timestamp":"2025-07-07T14:15:38.720Z"}
{"level":"info","message":{"ip":"::1","method":"GET","timestamp":"2025-07-07T14:15:38.782Z","url":"/api/institutes/profile"},"timestamp":"2025-07-07T14:15:38.782Z"}
{"level":"info","message":{"ip":"::1","method":"POST","timestamp":"2025-07-07T14:15:45.752Z","url":"/api/students/auth/login"},"timestamp":"2025-07-07T14:15:45.752Z"}
{"level":"info","message":{"ip":"::1","method":"GET","timestamp":"2025-07-07T14:16:19.160Z","url":"/api/students/profile"},"timestamp":"2025-07-07T14:16:19.160Z"}
{"level":"info","message":{"ip":"::1","method":"GET","timestamp":"2025-07-07T14:16:19.687Z","url":"/api/students/profile"},"timestamp":"2025-07-07T14:16:19.687Z"}
{"level":"info","message":{"ip":"::1","method":"GET","timestamp":"2025-07-07T14:24:30.208Z","url":"/api/students/profile"},"timestamp":"2025-07-07T14:24:30.208Z"}
{"level":"info","message":{"ip":"::1","method":"GET","timestamp":"2025-07-07T14:26:04.161Z","url":"/api/students/profile"},"timestamp":"2025-07-07T14:26:04.161Z"}
{"level":"info","message":{"ip":"::1","method":"POST","timestamp":"2025-07-07T14:26:14.485Z","url":"/api/students/logout"},"timestamp":"2025-07-07T14:26:14.485Z"}
{"level":"info","message":{"ip":"::1","method":"POST","timestamp":"2025-07-07T14:26:25.253Z","url":"/api/students/auth/login"},"timestamp":"2025-07-07T14:26:25.253Z"}
{"level":"info","message":{"ip":"::1","method":"GET","timestamp":"2025-07-07T14:26:25.803Z","url":"/api/students/profile"},"timestamp":"2025-07-07T14:26:25.803Z"}
{"level":"info","message":{"ip":"::1","method":"GET","timestamp":"2025-07-07T14:26:34.065Z","url":"/api/students/profile"},"timestamp":"2025-07-07T14:26:34.065Z"}
{"level":"info","message":{"ip":"::1","method":"GET","timestamp":"2025-07-07T14:26:38.211Z","url":"/api/students/profile"},"timestamp":"2025-07-07T14:26:38.211Z"}
{"level":"info","message":{"ip":"::1","method":"POST","timestamp":"2025-07-07T14:27:30.971Z","url":"/api/students/logout"},"timestamp":"2025-07-07T14:27:30.971Z"}
{"level":"info","message":{"ip":"::1","method":"GET","timestamp":"2025-07-07T14:28:31.927Z","url":"/api/students/profile"},"timestamp":"2025-07-07T14:28:31.927Z"}
{"level":"info","message":{"ip":"::1","method":"GET","timestamp":"2025-07-07T14:28:31.957Z","url":"/api/institutes/profile"},"timestamp":"2025-07-07T14:28:31.957Z"}
{"level":"info","message":{"ip":"::1","method":"POST","timestamp":"2025-07-07T14:28:59.751Z","url":"/api/students/signup"},"timestamp":"2025-07-07T14:28:59.751Z"}
{"level":"info","message":{"ip":"::1","method":"POST","timestamp":"2025-07-07T14:30:21.232Z","url":"/api/students/signup"},"timestamp":"2025-07-07T14:30:21.233Z"}
{"level":"info","message":{"ip":"::1","method":"POST","timestamp":"2025-07-07T14:30:45.493Z","url":"/api/students/verify"},"timestamp":"2025-07-07T14:30:45.493Z"}
{"level":"info","message":{"ip":"::1","method":"GET","timestamp":"2025-07-07T14:30:56.388Z","url":"/api/students/profile"},"timestamp":"2025-07-07T14:30:56.388Z"}
{"level":"info","message":{"ip":"::1","method":"GET","timestamp":"2025-07-07T14:31:12.990Z","url":"/api/students/profile"},"timestamp":"2025-07-07T14:31:12.990Z"}
{"level":"info","message":{"ip":"::1","method":"GET","timestamp":"2025-07-07T14:31:15.850Z","url":"/api/students/profile"},"timestamp":"2025-07-07T14:31:15.851Z"}
{"level":"info","message":{"ip":"::1","method":"POST","timestamp":"2025-07-07T14:31:26.079Z","url":"/api/students/logout"},"timestamp":"2025-07-07T14:31:26.079Z"}
{"level":"info","message":{"ip":"::1","method":"POST","timestamp":"2025-07-07T14:31:37.303Z","url":"/api/students/auth/login"},"timestamp":"2025-07-07T14:31:37.303Z"}
{"level":"info","message":{"ip":"::1","method":"GET","timestamp":"2025-07-07T14:31:37.701Z","url":"/api/students/profile"},"timestamp":"2025-07-07T14:31:37.701Z"}
{"level":"info","message":{"ip":"::1","method":"GET","timestamp":"2025-07-07T14:31:41.775Z","url":"/api/students/profile"},"timestamp":"2025-07-07T14:31:41.775Z"}
{"level":"info","message":{"ip":"::1","method":"GET","timestamp":"2025-07-07T14:31:45.066Z","url":"/api/students/profile"},"timestamp":"2025-07-07T14:31:45.066Z"}
{"level":"info","message":{"ip":"::1","method":"GET","timestamp":"2025-07-07T14:37:07.640Z","url":"/api/students/profile"},"timestamp":"2025-07-07T14:37:07.640Z"}
{"level":"info","message":{"ip":"::1","method":"GET","timestamp":"2025-07-07T14:37:10.412Z","url":"/api/students/profile"},"timestamp":"2025-07-07T14:37:10.412Z"}
{"level":"info","message":{"ip":"::1","method":"GET","timestamp":"2025-07-07T14:37:13.247Z","url":"/api/students/profile"},"timestamp":"2025-07-07T14:37:13.247Z"}
{"level":"info","message":{"ip":"::1","method":"GET","timestamp":"2025-07-07T14:37:26.482Z","url":"/api/students/profile"},"timestamp":"2025-07-07T14:37:26.482Z"}
{"level":"info","message":{"ip":"::1","method":"GET","timestamp":"2025-07-07T14:47:11.533Z","url":"/api/students/profile"},"timestamp":"2025-07-07T14:47:11.533Z"}
{"level":"info","message":{"ip":"::1","method":"GET","timestamp":"2025-07-07T14:47:57.348Z","url":"/api/students/profile"},"timestamp":"2025-07-07T14:47:57.348Z"}
{"level":"info","message":{"ip":"::1","method":"GET","timestamp":"2025-07-07T14:48:17.086Z","url":"/api/students/profile"},"timestamp":"2025-07-07T14:48:17.086Z"}
{"level":"info","message":{"ip":"::1","method":"GET","timestamp":"2025-07-07T14:48:50.388Z","url":"/api/students/profile"},"timestamp":"2025-07-07T14:48:50.388Z"}
{"level":"info","message":{"ip":"::1","method":"GET","timestamp":"2025-07-07T14:48:53.341Z","url":"/api/students/profile"},"timestamp":"2025-07-07T14:48:53.341Z"}
{"level":"info","message":{"ip":"::1","method":"POST","timestamp":"2025-07-07T14:48:55.937Z","url":"/api/students/logout"},"timestamp":"2025-07-07T14:48:55.938Z"}
{"level":"info","message":{"ip":"::1","method":"POST","timestamp":"2025-07-07T14:49:05.857Z","url":"/api/students/auth/login"},"timestamp":"2025-07-07T14:49:05.858Z"}
{"level":"info","message":{"ip":"::1","method":"GET","timestamp":"2025-07-07T14:49:06.393Z","url":"/api/students/profile"},"timestamp":"2025-07-07T14:49:06.393Z"}
{"level":"info","message":{"ip":"::1","method":"POST","timestamp":"2025-07-07T14:49:13.845Z","url":"/api/students/logout"},"timestamp":"2025-07-07T14:49:13.845Z"}
{"level":"info","message":{"ip":"::1","method":"POST","timestamp":"2025-07-07T14:49:45.000Z","url":"/api/students/signup"},"timestamp":"2025-07-07T14:49:45.000Z"}
{"level":"info","message":{"ip":"::1","method":"POST","timestamp":"2025-07-07T14:50:03.888Z","url":"/api/students/verify"},"timestamp":"2025-07-07T14:50:03.888Z"}
{"level":"info","message":{"ip":"::1","method":"GET","timestamp":"2025-07-07T14:50:09.652Z","url":"/api/students/profile"},"timestamp":"2025-07-07T14:50:09.652Z"}
{"level":"info","message":{"ip":"::1","method":"GET","timestamp":"2025-07-07T14:50:22.031Z","url":"/api/students/profile"},"timestamp":"2025-07-07T14:50:22.032Z"}
{"level":"info","message":{"ip":"::1","method":"GET","timestamp":"2025-07-07T15:18:08.559Z","url":"/api/students/profile"},"timestamp":"2025-07-07T15:18:08.561Z"}
{"level":"info","message":{"ip":"::1","method":"GET","timestamp":"2025-07-07T15:24:41.568Z","url":"/api/institutes/institutes-data"},"timestamp":"2025-07-07T15:24:41.569Z"}
{"level":"info","message":{"ip":"::1","method":"GET","timestamp":"2025-07-07T15:26:20.291Z","url":"/api/students/profile"},"timestamp":"2025-07-07T15:26:20.291Z"}
{"level":"info","message":{"ip":"::1","method":"GET","timestamp":"2025-07-07T15:26:54.880Z","url":"/api/students/profile"},"timestamp":"2025-07-07T15:26:54.880Z"}
{"level":"info","message":{"ip":"::1","method":"GET","timestamp":"2025-07-07T15:35:01.337Z","url":"/api/students/profile"},"timestamp":"2025-07-07T15:35:01.337Z"}
{"level":"info","message":{"ip":"::1","method":"GET","timestamp":"2025-07-07T15:36:00.967Z","url":"/api/students/profile"},"timestamp":"2025-07-07T15:36:00.967Z"}
{"level":"info","message":{"ip":"::1","method":"GET","timestamp":"2025-07-07T15:39:56.918Z","url":"/api/students/profile"},"timestamp":"2025-07-07T15:39:56.918Z"}
{"level":"info","message":{"ip":"::1","method":"GET","timestamp":"2025-07-07T15:40:14.063Z","url":"/api/students/profile"},"timestamp":"2025-07-07T15:40:14.063Z"}
{"level":"info","message":{"ip":"::1","method":"GET","timestamp":"2025-07-07T15:41:04.067Z","url":"/api/students/profile"},"timestamp":"2025-07-07T15:41:04.067Z"}
{"level":"info","message":{"ip":"::1","method":"POST","timestamp":"2025-07-07T15:41:30.499Z","url":"/api/students/logout"},"timestamp":"2025-07-07T15:41:30.499Z"}
{"level":"info","message":{"ip":"::1","method":"POST","timestamp":"2025-07-07T15:42:18.434Z","url":"/api/students/signup"},"timestamp":"2025-07-07T15:42:18.434Z"}
{"level":"info","message":{"ip":"::1","method":"POST","timestamp":"2025-07-07T15:42:28.067Z","url":"/api/students/signup"},"timestamp":"2025-07-07T15:42:28.067Z"}
{"level":"info","message":{"ip":"::1","method":"POST","timestamp":"2025-07-07T15:42:38.451Z","url":"/api/students/signup"},"timestamp":"2025-07-07T15:42:38.451Z"}
{"level":"info","message":{"ip":"::1","method":"POST","timestamp":"2025-07-07T15:42:57.467Z","url":"/api/students/verify"},"timestamp":"2025-07-07T15:42:57.467Z"}
{"level":"info","message":{"ip":"::1","method":"GET","timestamp":"2025-07-07T15:43:13.211Z","url":"/api/students/profile"},"timestamp":"2025-07-07T15:43:13.211Z"}
{"level":"info","message":{"ip":"::1","method":"POST","timestamp":"2025-07-07T15:43:30.270Z","url":"/api/students/logout"},"timestamp":"2025-07-07T15:43:30.270Z"}
{"level":"info","message":{"ip":"::1","method":"POST","timestamp":"2025-07-07T15:43:46.893Z","url":"/api/students/auth/login"},"timestamp":"2025-07-07T15:43:46.893Z"}
{"level":"info","message":{"ip":"::1","method":"GET","timestamp":"2025-07-07T15:43:47.291Z","url":"/api/students/profile"},"timestamp":"2025-07-07T15:43:47.291Z"}
{"level":"info","message":{"ip":"::1","method":"GET","timestamp":"2025-07-07T15:45:43.122Z","url":"/api/students/profile"},"timestamp":"2025-07-07T15:45:43.122Z"}
{"level":"info","message":{"ip":"::1","method":"POST","timestamp":"2025-07-07T15:48:03.542Z","url":"/api/students/logout"},"timestamp":"2025-07-07T15:48:03.544Z"}
{"level":"info","message":{"ip":"::1","method":"POST","timestamp":"2025-07-07T15:48:36.914Z","url":"/api/students/signup"},"timestamp":"2025-07-07T15:48:36.914Z"}
{"level":"info","message":{"ip":"::1","method":"POST","timestamp":"2025-07-07T15:48:50.440Z","url":"/api/students/signup"},"timestamp":"2025-07-07T15:48:50.440Z"}
{"level":"info","message":{"ip":"::1","method":"POST","timestamp":"2025-07-07T15:49:10.116Z","url":"/api/students/verify"},"timestamp":"2025-07-07T15:49:10.116Z"}
{"level":"info","message":{"ip":"::1","method":"GET","timestamp":"2025-07-07T15:49:25.185Z","url":"/api/students/profile"},"timestamp":"2025-07-07T15:49:25.185Z"}
{"level":"info","message":{"ip":"::1","method":"POST","timestamp":"2025-07-07T15:49:41.297Z","url":"/api/students/logout"},"timestamp":"2025-07-07T15:49:41.297Z"}
{"level":"info","message":{"ip":"::1","method":"POST","timestamp":"2025-07-07T15:49:55.615Z","url":"/api/students/auth/login"},"timestamp":"2025-07-07T15:49:55.615Z"}
{"level":"info","message":{"ip":"::1","method":"GET","timestamp":"2025-07-07T15:49:56.128Z","url":"/api/students/profile"},"timestamp":"2025-07-07T15:49:56.128Z"}
{"level":"info","message":{"ip":"::1","method":"GET","timestamp":"2025-07-07T16:09:14.441Z","url":"/api/students/profile"},"timestamp":"2025-07-07T16:09:14.442Z"}
{"level":"info","message":{"ip":"::1","method":"GET","timestamp":"2025-07-07T16:09:22.957Z","url":"/api/students/profile"},"timestamp":"2025-07-07T16:09:22.957Z"}
{"level":"info","message":{"ip":"::1","method":"POST","timestamp":"2025-07-07T16:09:41.061Z","url":"/api/students/logout"},"timestamp":"2025-07-07T16:09:41.061Z"}
{"level":"info","message":{"ip":"::1","method":"POST","timestamp":"2025-07-07T16:09:52.630Z","url":"/api/students/auth/login"},"timestamp":"2025-07-07T16:09:52.630Z"}
{"level":"info","message":{"ip":"::1","method":"GET","timestamp":"2025-07-07T16:09:53.388Z","url":"/api/students/profile"},"timestamp":"2025-07-07T16:09:53.388Z"}
{"level":"info","message":{"ip":"::1","method":"GET","timestamp":"2025-07-07T16:29:30.865Z","url":"/api/students/profile"},"timestamp":"2025-07-07T16:29:30.881Z"}
{"level":"info","message":{"ip":"::1","method":"POST","timestamp":"2025-07-07T16:29:42.615Z","url":"/api/students/auth/login"},"timestamp":"2025-07-07T16:29:42.615Z"}
{"level":"info","message":{"ip":"::1","method":"GET","timestamp":"2025-07-07T16:29:43.296Z","url":"/api/students/profile"},"timestamp":"2025-07-07T16:29:43.296Z"}
{"level":"info","message":{"ip":"::1","method":"GET","timestamp":"2025-07-07T16:37:40.349Z","url":"/api/students/profile"},"timestamp":"2025-07-07T16:37:40.365Z"}
{"level":"info","message":{"ip":"::1","method":"GET","timestamp":"2025-07-07T16:37:40.760Z","url":"/api/institutes/profile"},"timestamp":"2025-07-07T16:37:40.764Z"}
{"level":"info","message":{"ip":"::1","method":"POST","timestamp":"2025-07-07T16:38:10.793Z","url":"/api/students/signup"},"timestamp":"2025-07-07T16:38:10.794Z"}
{"level":"info","message":{"ip":"::1","method":"POST","timestamp":"2025-07-07T16:38:35.915Z","url":"/api/students/verify"},"timestamp":"2025-07-07T16:38:35.915Z"}
{"level":"info","message":{"ip":"::1","method":"GET","timestamp":"2025-07-07T16:38:51.254Z","url":"/api/students/profile"},"timestamp":"2025-07-07T16:38:51.254Z"}
{"level":"info","message":{"ip":"::1","method":"GET","timestamp":"2025-07-07T16:49:45.362Z","url":"/api/students/profile"},"timestamp":"2025-07-07T16:49:45.368Z"}
